MakeNSIS v2.46-1 - Copyright 1995-2009 Contributors
See the file COPYING for license details.
Credits can be found in the Users Manual.

Command line defined: "VERSION=7.22.4"
Processing config: 
Processing plugin dlls: "/usr/share/nsis/Plugins/*.dll"
 - AdvSplash::show
 - Banner::destroy
 - Banner::getWindow
 - Banner::show
 - BgImage::AddImage
 - BgImage::AddText
 - BgImage::Clear
 - BgImage::Destroy
 - BgImage::Redraw
 - BgImage::SetBg
 - BgImage::SetReturn
 - BgImage::Sound
 - Dialer::AttemptConnect
 - Dialer::AutodialHangup
 - Dialer::AutodialOnline
 - Dialer::AutodialUnattended
 - Dialer::GetConnectedState
 - InstallOptions::dialog
 - InstallOptions::initDialog
 - InstallOptions::show
 - LangDLL::LangDialog
 - Math::Script
 - NSISdl::download
 - NSISdl::download_quiet
 - Splash::show
 - StartMenu::Init
 - StartMenu::Select
 - StartMenu::Show
 - System::Alloc
 - System::Call
 - System::Copy
 - System::Free
 - System::Get
 - System::Int64Op
 - System::Store
 - TypeLib::GetLibVersion
 - TypeLib::Register
 - TypeLib::UnRegister
 - UserInfo::GetAccountType
 - UserInfo::GetName
 - UserInfo::GetOriginalAccountType
 - VPatch::GetFileCRC32
 - VPatch::GetFileMD5
 - VPatch::vpatchfile
 - nsDialogs::Create
 - nsDialogs::CreateControl
 - nsDialogs::CreateItem
 - nsDialogs::CreateTimer
 - nsDialogs::GetUserData
 - nsDialogs::KillTimer
 - nsDialogs::OnBack
 - nsDialogs::OnChange
 - nsDialogs::OnClick
 - nsDialogs::OnNotify
 - nsDialogs::SelectFileDialog
 - nsDialogs::SelectFolderDialog
 - nsDialogs::SetRTL
 - nsDialogs::SetUserData
 - nsDialogs::Show
 - nsExec::Exec
 - nsExec::ExecToLog
 - nsExec::ExecToStack

!define: "MUI_INSERT_NSISCONF"=""

Changing directory to: "/home/john/windows-jhbuild/nsis"

Processing script file: "nip2.nsi"
!include: "/usr/share/nsis/Include/MUI2.nsh"
!include: "/usr/share/nsis/Contrib/Modern UI 2/MUI2.nsh"
NSIS Modern User Interface version 2.0 - Copyright 2002-2009 Joost Verburg (/usr/share/nsis/Contrib/Modern UI 2/MUI2.nsh:8)
!define: "MUI_INCLUDED"=""
!define: "MUI_SYSVERSION"="2.0"
!define: "MUI_VERBOSE"="3"
!include: closed: "/usr/share/nsis/Contrib/Modern UI 2/MUI2.nsh"
!include: closed: "/usr/share/nsis/Include/MUI2.nsh"
Name: "nip2-7.22.4"
OutFile: "nip2-7.22.4-setup.exe"
SetCompressor: LZMA
InstallDir: "$LOCALAPPDATA\VIPS"
InstallRegKey: "HKCU\Software\VIPS\"
Var: "StartMenuFolder"
!define: "MUI_ABORTWARNING"=""
!define: "MUI_HEADERIMAGE"=""
!define: "MUI_HEADERIMAGE_BITMAP"="nip2.bmp"
!define: "MUI_HEADERIMAGE_UNBITMAP"="nip2.bmp"
!define: "MUI_WELCOMEFINISHPAGE_BITMAP"="welcome.bmp"
!define: "MUI_UNWELCOMEFINISHPAGE_BITMAP"="welcome.bmp"
!define: "MUI_ICON"="nip2-icon.ico"
!define: "MUI_UNICON"="/usr/share/nsis\Contrib\Graphics\Icons\orange-uninstall-nsis.ico"
!define: "MUI_WELCOMEPAGE_TITLE"="Welcome to nip2-7.22.4"
!define: "MUI_WELCOMEPAGE_TEXT"="nip2 is a GUI for the VIPS image processing library. It is rather like a cross between a spreadsheet and a paint program.

This installer will copy the necessary files to your hard drive and add an item to your Start Menu."
!insertmacro: MUI_PAGE_WELCOME
!insertmacro: end of MUI_PAGE_WELCOME
!insertmacro: MUI_PAGE_LICENSE
!insertmacro: end of MUI_PAGEDECLARATION_LICENSE
!insertmacro: end of MUI_PAGE_LICENSE
!insertmacro: MUI_PAGE_DIRECTORY
!insertmacro: end of MUI_PAGE_DIRECTORY
!define: "MUI_STARTMENUPAGE_REGISTRY_ROOT"="HKCU"
!define: "MUI_STARTMENUPAGE_REGISTRY_KEY"="Software\VIPS"
!define: "MUI_STARTMENUPAGE_REGISTRY_VALUENAME"="Start Menu Folder"
!insertmacro: MUI_PAGE_STARTMENU
!insertmacro: end of MUI_PAGE_STARTMENU
!insertmacro: MUI_PAGE_INSTFILES
!insertmacro: end of MUI_PAGE_INSTFILES
!define: "MUI_FINISHPAGE_TEXT"="nip2 has been successfully installed."
!define: "MUI_FINISHPAGE_RUN"="$INSTDIR\nip2-7.22.4\bin\nip2.exe"
!define: "MUI_FINISHPAGE_RUN_TEXT"="Run nip2 now"
!define: "MUI_FINISHPAGE_LINK"="Visit the VIPS website"
!define: "MUI_FINISHPAGE_LINK_LOCATION"="http://www.vips.ecs.soton.ac.uk"
!insertmacro: MUI_PAGE_FINISH
!insertmacro: end of MUI_PAGE_FINISH
!insertmacro: MUI_UNPAGE_WELCOME
!insertmacro: end of MUI_UNPAGE_WELCOME
!insertmacro: MUI_UNPAGE_CONFIRM
!insertmacro: end of MUI_UNPAGE_CONFIRM
!insertmacro: MUI_UNPAGE_INSTFILES
!insertmacro: end of MUI_UNPAGE_INSTFILES
!insertmacro: MUI_UNPAGE_FINISH
!insertmacro: end of MUI_UNPAGE_FINISH
!insertmacro: MUI_LANGUAGE
!insertmacro: end of MUI_LANGUAGE
Section: "Dummy Section" ->(SecDummy)
SetOutPath: "$INSTDIR"
File: Descending to: "./nip2-7.22.4/"
File: Descending to: "./nip2-7.22.4/bin/"
File: "freetype6.dll" [compress] 217517/457875 bytes
File: "iconv.dll" [compress] 8949/21718 bytes
File: "intl.dll" [compress] 32368/76274 bytes
File: "libMagick++-4.dll" [compress] 108730/447085 bytes
File: "libMagickCore-4.dll" [compress] 958041/3221056 bytes
File: "libMagickWand-4.dll" [compress] 228492/1099319 bytes
File: "libatk-1.0-0.dll" [compress] 29272/101539 bytes
File: "libcairo-2.dll" [compress] 281743/764245 bytes
File: "libexif-12.dll" [compress] 70091/212203 bytes
File: "libexpat-1.dll" [compress] 44065/122485 bytes
File: "libfftw3-3.dll" [compress] 286857/817122 bytes
File: "libfontconfig-1.dll" [compress] 95235/212036 bytes
File: "libgailutil-18.dll" [compress] 9897/33375 bytes
File: "libgdk-win32-2.0-0.dll" [compress] 246101/692449 bytes
File: "libgdk_pixbuf-2.0-0.dll" [compress] 73453/190916 bytes
File: "libgio-2.0-0.dll" [compress] 149291/487159 bytes
File: "libglade-2.0-0.dll" [compress] 33841/102455 bytes
File: "libglib-2.0-0.dll" [compress] 344410/1003232 bytes
File: "libgmodule-2.0-0.dll" [compress] 7279/19597 bytes
File: "libgobject-2.0-0.dll" [compress] 86046/241028 bytes
File: "libgoffice-0.8-8.dll" [compress] 392303/1089623 bytes
File: "libgsf-1-114.dll" [compress] 81471/216318 bytes
File: "libgsf-win32-1-114.dll" [compress] 3334/10773 bytes
File: "libgsl-0.dll" [compress] 525986/1694047 bytes
File: "libgslcblas-0.dll" [compress] 60546/189687 bytes
File: "libgthread-2.0-0.dll" [compress] 8584/24581 bytes
File: "libgtk-win32-2.0-0.dll" [compress] 1228839/3930690 bytes
File: "libjpeg-8.dll" [compress] 90674/208247 bytes
File: "liblcms-1.dll" [compress] 88403/206355 bytes
File: "libpango-1.0-0.dll" [compress] 94200/257187 bytes
File: "libpangocairo-1.0-0.dll" [compress] 18888/54936 bytes
File: "libpangoft2-1.0-0.dll" [compress] 76484/203335 bytes
File: "libpangowin32-1.0-0.dll" [compress] 26305/66279 bytes
File: "libpng14-14.dll" [compress] 77847/174824 bytes
File: "libtiff-3.dll" [compress] 102696/351906 bytes
File: "libtiffxx-3.dll" [compress] 97459/297963 bytes
File: "libvips-15.dll" [compress] 356206/1125133 bytes
File: "libxml2-2.dll" [compress] 407050/1072681 bytes
File: "nip2-cli.exe" [compress] 4842/13632 bytes
File: "nip2.exe" [compress] 351371/968413 bytes
File: "zlib1.dll" [compress] 31725/77876 bytes
File: Descending to: "./nip2-7.22.4/etc/"
File: Descending to: "./nip2-7.22.4/etc/fonts/"
File: "fonts.conf" [compress] 1690/5226 bytes
File: "fonts.dtd" [compress] 2072/6961 bytes
File: Descending to: "./nip2-7.22.4/etc/gconf/"
File: Descending to: "./nip2-7.22.4/etc/gconf/2/"
File: "path.jhbuild" [compress] 693/2031 bytes
File: Descending to: "./nip2-7.22.4/etc/gtk-2.0/"
File: "gdk-pixbuf.loaders" [compress] 378/543 bytes
File: "gtk.immodules" [compress] 178/557 bytes
File: "gtkrc" [compress] 30 bytes
File: "im-multipress.conf" [compress] 597/890 bytes
File: Descending to: "./nip2-7.22.4/etc/pango/"
File: "pango.modules" [compress] 152/163 bytes
File: Descending to: "./nip2-7.22.4/lib/"
File: Descending to: "./nip2-7.22.4/lib/goffice/"
File: Descending to: "./nip2-7.22.4/lib/goffice/0.8.7/"
File: Descending to: "./nip2-7.22.4/lib/goffice/0.8.7/plugins/"
File: Descending to: "./nip2-7.22.4/lib/goffice/0.8.7/plugins/plot_barcol/"
File: "barcol.dll" [compress] 21602/61059 bytes
File: "plot-types.xml" [compress] 1112/10360 bytes
File: "plugin.xml" [compress] 2535/12303 bytes
File: Descending to: "./nip2-7.22.4/lib/goffice/0.8.7/plugins/plot_distrib/"
File: "distrib.dll" [compress] 21270/61949 bytes
File: "plot-types.xml" [compress] 552/2546 bytes
File: "plugin.xml" [compress] 1244/5021 bytes
File: Descending to: "./nip2-7.22.4/lib/goffice/0.8.7/plugins/plot_pie/"
File: "pie.dll" [compress] 14871/39994 bytes
File: "plot-types.xml" [compress] 706/3184 bytes
File: "plugin.xml" [compress] 1860/8059 bytes
File: Descending to: "./nip2-7.22.4/lib/goffice/0.8.7/plugins/plot_radar/"
File: "plot-types.xml" [compress] 449/1467 bytes
File: "plugin.xml" [compress] 1473/7294 bytes
File: "radar.dll" [compress] 13393/39482 bytes
File: Descending to: "./nip2-7.22.4/lib/goffice/0.8.7/plugins/plot_surface/"
File: "plot-types.xml" [compress] 378/1036 bytes
File: "plugin.xml" [compress] 1377/6982 bytes
File: "surface.dll" [compress] 19844/56225 bytes
File: Descending to: "./nip2-7.22.4/lib/goffice/0.8.7/plugins/plot_xy/"
File: "plot-types.xml" [compress] 867/4239 bytes
File: "plugin.xml" [compress] 1799/8474 bytes
File: "xy.dll" [compress] 18763/53731 bytes
File: Descending to: "./nip2-7.22.4/lib/goffice/0.8.7/plugins/reg_linear/"
File: "linreg.dll" [compress] 9460/27204 bytes
File: "plugin.xml" [compress] 1173/8105 bytes
File: "reg-types.xml" [compress] 249/634 bytes
File: Descending to: "./nip2-7.22.4/lib/goffice/0.8.7/plugins/reg_logfit/"
File: "logfit.dll" [compress] 5266/15168 bytes
File: "plugin.xml" [compress] 867/3793 bytes
File: "reg-types.xml" [compress] 204/232 bytes
File: Descending to: "./nip2-7.22.4/lib/goffice/0.8.7/plugins/smoothing/"
File: "plugin.xml" [compress] 1055/3962 bytes
File: "smoothing.dll" [compress] 8554/23898 bytes
File: "types.xml" [compress] 210/342 bytes
File: Descending to: "./nip2-7.22.4/lib/gtk-2.0/"
File: Descending to: "./nip2-7.22.4/lib/gtk-2.0/2.10.0/"
File: Descending to: "./nip2-7.22.4/lib/gtk-2.0/2.10.0/engines/"
File: "libclearlooks.dll" [compress] 149742/627521 bytes
File: "libpixmap.dll" [compress] 17508/64420 bytes
File: "libwimp.dll" [compress] 25938/95222 bytes
File: Descending to: "./nip2-7.22.4/lib/gtk-2.0/include/"
File: Descending to: "./nip2-7.22.4/lib/gtk-2.0/modules/"
File: "libgail.dll" [compress] 111538/458231 bytes
File: Descending to: "./nip2-7.22.4/share/"
File: Descending to: "./nip2-7.22.4/share/doc/"
File: Descending to: "./nip2-7.22.4/share/doc/nip2/"
File: Descending to: "./nip2-7.22.4/share/doc/nip2/html/"
File: "nipguide.css" [compress] 1837/9701 bytes
File: "nipguide.html" [compress] 1856/12052 bytes
File: "nipguide37.html" [compress] 684/1353 bytes
File: "nipguideap1.html" [compress] 2885/10244 bytes
File: "nipguidech1.html" [compress] 1442/4697 bytes
File: "nipguidech2.html" [compress] 889/2444 bytes
File: "nipguidech3.html" [compress] 1171/3656 bytes
File: "nipguidech4.html" [compress] 1153/4197 bytes
File: "nipguidech5.html" [compress] 1376/4178 bytes
File: "nipguidech6.html" [compress] 1545/6345 bytes
File: "nipguideli1.html" [compress] 2073/12181 bytes
File: "nipguideli2.html" [compress] 1231/5710 bytes
File: "nipguideli3.html" [compress] 908/3209 bytes
File: "nipguidese1.html" [compress] 5340/27094 bytes
File: "nipguidese10.html" [compress] 1726/6406 bytes
File: "nipguidese11.html" [compress] 5746/22527 bytes
File: "nipguidese12.html" [compress] 1915/5519 bytes
File: "nipguidese13.html" [compress] 3213/12235 bytes
File: "nipguidese14.html" [compress] 3342/14650 bytes
File: "nipguidese15.html" [compress] 2576/8470 bytes
File: "nipguidese16.html" [compress] 1648/5050 bytes
File: "nipguidese17.html" [compress] 2235/7465 bytes
File: "nipguidese18.html" [compress] 971/2545 bytes
File: "nipguidese19.html" [compress] 1249/3573 bytes
File: "nipguidese2.html" [compress] 2732/10735 bytes
File: "nipguidese20.html" [compress] 1080/2956 bytes
File: "nipguidese21.html" [compress] 2964/9564 bytes
File: "nipguidese22.html" [compress] 1075/2691 bytes
File: "nipguidese23.html" [compress] 1007/2659 bytes
File: "nipguidese24.html" [compress] 3445/25368 bytes
File: "nipguidese25.html" [compress] 1018/2894 bytes
File: "nipguidese26.html" [compress] 1663/5457 bytes
File: "nipguidese27.html" [compress] 6283/41281 bytes
File: "nipguidese28.html" [compress] 3349/24639 bytes
File: "nipguidese29.html" [compress] 1300/4038 bytes
File: "nipguidese3.html" [compress] 4682/23937 bytes
File: "nipguidese30.html" [compress] 1616/5563 bytes
File: "nipguidese31.html" [compress] 2458/18850 bytes
File: "nipguidese32.html" [compress] 3754/17341 bytes
File: "nipguidese33.html" [compress] 4490/27185 bytes
File: "nipguidese34.html" [compress] 642/1769 bytes
File: "nipguidese35.html" [compress] 1258/3650 bytes
File: "nipguidese36.html" [compress] 1179/4019 bytes
File: "nipguidese4.html" [compress] 6564/22282 bytes
File: "nipguidese5.html" [compress] 1973/5359 bytes
File: "nipguidese6.html" [compress] 1827/4908 bytes
File: "nipguidese7.html" [compress] 1147/3157 bytes
File: "nipguidese8.html" [compress] 1457/3689 bytes
File: "nipguidese9.html" [compress] 3420/12826 bytes
File: Descending to: "./nip2-7.22.4/share/doc/nip2/html/figs/"
File: "ir1.jpg" [compress] 110184/134707 bytes
File: "ir2.jpg" [compress] 4495/9114 bytes
File: "ir3.jpg" [compress] 7990/9523 bytes
File: "ir4.jpg" [compress] 8167/10811 bytes
File: "ir5.jpg" [compress] 40114/52851 bytes
File: "ir6.jpg" [compress] 16087/21868 bytes
File: "ir7.jpg" [compress] 43113/57971 bytes
File: "ir8a.jpg" [compress] 10501/11484 bytes
File: "ir9.jpg" [compress] 34517/43765 bytes
File: "mos2.png" [compress] 13512/16093 bytes
File: "scr21a.png" [compress] 29169/30976 bytes
File: "scr22.png" [compress] 120000 bytes
File: "scr23.jpg" [compress] 38544/42051 bytes
File: "scr24.jpg" [compress] 49911/56264 bytes
File: "scr25.jpg" [compress] 57105/67806 bytes
File: "scr26.png" [compress] 323593/324105 bytes
File: "snap1.jpg" [compress] 11946/21196 bytes
File: "snap10.jpg" [compress] 26695/38782 bytes
File: "snap11.jpg" [compress] 24379/36432 bytes
File: "snap12.jpg" [compress] 28896/49919 bytes
File: "snap13.jpg" [compress] 39762/59992 bytes
File: "snap14.jpg" [compress] 37387/56332 bytes
File: "snap15.jpg" [compress] 62592/70009 bytes
File: "snap16.jpg" [compress] 84059/99269 bytes
File: "snap2.jpg" [compress] 20127/31819 bytes
File: "snap3.jpg" [compress] 78176/87038 bytes
File: "snap4.jpg" [compress] 88886/116638 bytes
File: "snap5.jpg" [compress] 29039/44778 bytes
File: "snap6.jpg" [compress] 37618/58606 bytes
File: "snap7.jpg" [compress] 39269/54450 bytes
File: "snap7a.jpg" [compress] 58018/68421 bytes
File: "snap8.jpg" [compress] 19430/29076 bytes
File: "snap9.jpg" [compress] 13357/24252 bytes
File: "toolkit.jpg" [compress] 10146/12236 bytes
File: "toolkit2.jpg" [compress] 11336/13382 bytes
File: "toolkit3.jpg" [compress] 16189/19790 bytes
File: Descending to: "./nip2-7.22.4/share/gtk-engines/"
File: "clearlooks.xml" [compress] 19320/113671 bytes
File: Descending to: "./nip2-7.22.4/share/locale/"
File: Descending to: "./nip2-7.22.4/share/nip2/"
File: Descending to: "./nip2-7.22.4/share/nip2/compat/"
File: Descending to: "./nip2-7.22.4/share/nip2/compat/7.10/"
File: "Colour.def" [compress] 3673/15167 bytes
File: "Filter.def" [compress] 6699/29808 bytes
File: "Format.def" [compress] 468/1196 bytes
File: "Histogram.def" [compress] 1114/2924 bytes
File: "Image.def" [compress] 8404/37585 bytes
File: "Math.def" [compress] 2794/11408 bytes
File: "Matrix.def" [compress] 2393/8970 bytes
File: "Tasks.def" [compress] 6491/23475 bytes
File: "Widgets.def" [compress] 425/1131 bytes
File: "_convert.def" [compress] 3984/15122 bytes
File: "_generate.def" [compress] 1149/2670 bytes
File: "_joe_extra.def" [compress] 2574/12929 bytes
File: "_joe_utilities.def" [compress] 5122/20035 bytes
File: "_list.def" [compress] 2624/7967 bytes
File: "_predicate.def" [compress] 2346/8703 bytes
File: "_stdenv.def" [compress] 8775/38651 bytes
File: "_types.def" [compress] 8953/35818 bytes
File: Descending to: "./nip2-7.22.4/share/nip2/compat/7.12/"
File: "Colour.def" [compress] 3641/15119 bytes
File: "Filter.def" [compress] 8667/36814 bytes
File: "Format.def" [compress] 1298/3271 bytes
File: "Histogram.def" [compress] 2309/7733 bytes
File: "Image.def" [compress] 9516/42195 bytes
File: "Math.def" [compress] 3389/14189 bytes
File: "Matrix.def" [compress] 2186/8633 bytes
File: "Preferences.ws" [compress] 3504/32642 bytes
File: "Tasks.def" [compress] 6527/23136 bytes
File: "Widgets.def" [compress] 463/1259 bytes
File: "_convert.def" [compress] 4721/17693 bytes
File: "_generate.def" [compress] 1141/2656 bytes
File: "_joe_extra.def" [compress] 2770/13703 bytes
File: "_joe_utilities.def" [compress] 5107/20009 bytes
File: "_list.def" [compress] 2851/8979 bytes
File: "_predicate.def" [compress] 2953/11031 bytes
File: "_stdenv.def" [compress] 11511/47769 bytes
File: "_types.def" [compress] 9866/39429 bytes
File: Descending to: "./nip2-7.22.4/share/nip2/compat/7.14/"
File: "Colour.def" [compress] 3638/15076 bytes
File: "Filter.def" [compress] 9068/39026 bytes
File: "Histogram.def" [compress] 2383/8018 bytes
File: "Image.def" [compress] 9521/42138 bytes
File: "Math.def" [compress] 3023/12576 bytes
File: "Matrix.def" [compress] 2187/8627 bytes
File: "Object.def" [compress] 462/1168 bytes
File: "Preferences.ws" [compress] 3463/32668 bytes
File: "Tasks.def" [compress] 7367/25598 bytes
File: "Widgets.def" [compress] 0/1259 bytes
File: "_Object.def" [compress] 2965/11500 bytes
File: "_convert.def" [compress] 4782/18050 bytes
File: "_generate.def" [compress] 0/2656 bytes
File: "_joe_extra.def" [compress] 0/13703 bytes
File: "_joe_utilities.def" [compress] 0/20009 bytes
File: "_list.def" [compress] 2869/8966 bytes
File: "_predicate.def" [compress] 3136/11692 bytes
File: "_stdenv.def" [compress] 12373/50981 bytes
File: "_types.def" [compress] 7429/28143 bytes
File: Descending to: "./nip2-7.22.4/share/nip2/compat/7.16/"
File: "Colour.def" [compress] 0/15076 bytes
File: "Filter.def" [compress] 9036/38946 bytes
File: "Histogram.def" [compress] 0/8018 bytes
File: "Image.def" [compress] 10208/44692 bytes
File: "Math.def" [compress] 3114/12832 bytes
File: "Matrix.def" [compress] 2190/8625 bytes
File: "Object.def" [compress] 0/1168 bytes
File: "Preferences.ws" [compress] 3410/32199 bytes
File: "Tasks.def" [compress] 7379/25703 bytes
File: "Widgets.def" [compress] 0/1259 bytes
File: "_Object.def" [compress] 2921/11275 bytes
File: "_convert.def" [compress] 4774/18165 bytes
File: "_generate.def" [compress] 0/2656 bytes
File: "_joe_extra.def" [compress] 2785/13826 bytes
File: "_joe_utilities.def" [compress] 0/20009 bytes
File: "_list.def" [compress] 2940/9170 bytes
File: "_predicate.def" [compress] 3145/11729 bytes
File: "_stdenv.def" [compress] 13105/52949 bytes
File: "_types.def" [compress] 7583/28727 bytes
File: Descending to: "./nip2-7.22.4/share/nip2/compat/7.8/"
File: "Capture.def" [compress] 1855/4732 bytes
File: "Colour.def" [compress] 2374/16630 bytes
File: "Filter.def" [compress] 2139/12563 bytes
File: "Format.def" [compress] 1612/4776 bytes
File: "Histogram.def" [compress] 660/1553 bytes
File: "Image.def" [compress] 3048/10879 bytes
File: "Math.def" [compress] 1800/5801 bytes
File: "Morphology.def" [compress] 1121/3251 bytes
File: "Mosaic.def" [compress] 1942/8847 bytes
File: "New.def" [compress] 2740/12518 bytes
File: "Print.def" [compress] 2032/6949 bytes
File: "Resize.def" [compress] 906/2462 bytes
File: "Rotate.def" [compress] 804/2439 bytes
File: "Statistics.def" [compress] 1211/3141 bytes
File: "X_ray.def" [compress] 3378/10765 bytes
File: "_convert.def" [compress] 3538/13585 bytes
File: "_errors.def" [compress] 622/1499 bytes
File: "_generate.def" [compress] 915/1921 bytes
File: "_list.def" [compress] 0/7967 bytes
File: "_predicate.def" [compress] 1017/2888 bytes
File: "_stdenv.def" [compress] 6797/29448 bytes
File: "_types.def" [compress] 7836/33071 bytes
File: Descending to: "./nip2-7.22.4/share/nip2/compat/7.9/"
File: "Capture.def" [compress] 0/4732 bytes
File: "Colour.def" [compress] 0/16630 bytes
File: "Filter.def" [compress] 0/12563 bytes
File: "Format.def" [compress] 0/4776 bytes
File: "Histogram.def" [compress] 0/1553 bytes
File: "Image.def" [compress] 0/10879 bytes
File: "Math.def" [compress] 0/5801 bytes
File: "Morphology.def" [compress] 0/3251 bytes
File: "Mosaic.def" [compress] 0/8847 bytes
File: "New.def" [compress] 0/12518 bytes
File: "Print.def" [compress] 0/6949 bytes
File: "Resize.def" [compress] 0/2462 bytes
File: "Rotate.def" [compress] 0/2439 bytes
File: "Statistics.def" [compress] 0/3141 bytes
File: "X_ray.def" [compress] 0/10765 bytes
File: "_convert.def" [compress] 0/13585 bytes
File: "_errors.def" [compress] 0/1499 bytes
File: "_generate.def" [compress] 908/1897 bytes
File: "_list.def" [compress] 0/7967 bytes
File: "_predicate.def" [compress] 0/2888 bytes
File: "_stdenv.def" [compress] 0/29448 bytes
File: "_types.def" [compress] 7833/33122 bytes
File: Descending to: "./nip2-7.22.4/share/nip2/data/"
File: "AdobeRGB1998.icc" [compress] 248/544 bytes
File: "HP5000_UVDuraImageGlossMaxQ.icc" [compress] 318701/633928 bytes
File: "macbeth_lab_d50.mat" [compress] 284/426 bytes
File: "macbeth_lab_d65.mat" [compress] 373/579 bytes
File: "nip-slider-16.png" [compress] 565 bytes
File: "nip2-icon.ico" [compress] 21827/71690 bytes
File: "rachel.con" [compress] 49/76 bytes
File: "sRGB.icm" [compress] 2448/3144 bytes
File: "stock-led-blue-18.png" [compress] 456 bytes
File: "stock-led-cyan-18.png" [compress] 524 bytes
File: "stock-led-green-18.png" [compress] 461 bytes
File: "stock-led-off-18.png" [compress] 539 bytes
File: "stock-led-red-18.png" [compress] 461 bytes
File: "stock-led-yellow-18.png" [compress] 527 bytes
File: "stock-tool-bucket-fill-22.png" [compress] 1205/1211 bytes
File: "stock-tool-ink-22.png" [compress] 1011 bytes
File: "stock-tool-move-22.png" [compress] 510 bytes
File: "stock-tool-path-22.png" [compress] 820 bytes
File: "stock-tool-rect-select-22.png" [compress] 196 bytes
File: "stock-tool-select-22.png" [compress] 407 bytes
File: "stock-tool-smudge-22.png" [compress] 927 bytes
File: "stock-tool-text-22.png" [compress] 539 bytes
File: "vips-128.png" [compress] 25340 bytes
File: Descending to: "./nip2-7.22.4/share/nip2/data/examples/"
File: "print_test_image.v" [compress] 496578/1739296 bytes
File: Descending to: "./nip2-7.22.4/share/nip2/data/examples/1_point_mosaic/"
File: "1pt_mosaic.ws" [compress] 1499/18520 bytes
File: "cd1.1.jpg" [compress] 21305 bytes
File: "cd1.2.jpg" [compress] 22441 bytes
File: "cd2.1.jpg" [compress] 22392 bytes
File: "cd2.2.jpg" [compress] 23903 bytes
File: "cd3.1.jpg" [compress] 22241 bytes
File: "cd3.2.jpg" [compress] 22156 bytes
File: "cd4.1.jpg" [compress] 22096 bytes
File: "cd4.2.jpg" [compress] 24257 bytes
File: Descending to: "./nip2-7.22.4/share/nip2/data/examples/2_point_mosaic/"
File: "2pts_mosaic.ws" [compress] 1204/13066 bytes
File: "example_im_01.jpg" [compress] 22534/22843 bytes
File: "example_im_02.jpg" [compress] 22640/22657 bytes
File: "example_im_03.jpg" [compress] 30173 bytes
File: "example_im_04.jpg" [compress] 28771 bytes
File: "example_im_05.jpg" [compress] 33104/33142 bytes
File: "example_im_06.jpg" [compress] 37139/37151 bytes
File: "full_image.jpg" [compress] 172790 bytes
File: Descending to: "./nip2-7.22.4/share/nip2/data/examples/businesscard/"
File: "businesscard.ws" [compress] 2063/25736 bytes
File: "slanted_oval_vase2.jpg" [compress] 23530/23859 bytes
File: Descending to: "./nip2-7.22.4/share/nip2/data/examples/clone/"
File: "clone.ws" [compress] 979/6021 bytes
File: "example_im_01.png" [compress] 87700 bytes
File: "example_im_02.png" [compress] 84384 bytes
File: Descending to: "./nip2-7.22.4/share/nip2/data/examples/framing/"
File: "framing.ws" [compress] 1575/19893 bytes
File: "framing_complex.png" [compress] 102082/102507 bytes
File: "framing_corner.png" [compress] 17620 bytes
File: "framing_distorted_frame.png" [compress] 70674/70886 bytes
File: "framing_picture.jpg" [compress] 13053 bytes
File: Descending to: "./nip2-7.22.4/share/nip2/data/examples/logo/"
File: "logo2.ws" [compress] 2840/52178 bytes
File: Descending to: "./nip2-7.22.4/share/nip2/data/examples/manual_balance/"
File: "manual_balance.ws" [compress] 982/6412 bytes
File: "mask_01.png" [compress] 334/846 bytes
File: "mask_02.png" [compress] 266/782 bytes
File: "mask_03.png" [compress] 290/829 bytes
File: "mask_control.png" [compress] 339/1096 bytes
File: "simp_base.png" [compress] 150443 bytes
File: Descending to: "./nip2-7.22.4/share/nip2/data/examples/overlays_and_blending/"
File: "blend_example_ir.jpg" [compress] 10631/11530 bytes
File: "blend_example_vis.jpg" [compress] 6006/6793 bytes
File: "blend_example_xray.jpg" [compress] 4064/5114 bytes
File: "overlay_blend.ws" [compress] 1087/8472 bytes
File: Descending to: "./nip2-7.22.4/share/nip2/data/examples/registering/"
File: "example_im_1.jpg" [compress] 0/6793 bytes
File: "example_im_2.jpg" [compress] 4440/4798 bytes
File: "example_im_3.jpg" [compress] 4287/4446 bytes
File: "example_im_4.jpg" [compress] 5800/5992 bytes
File: "registering.ws" [compress] 1270/16105 bytes
File: Descending to: "./nip2-7.22.4/share/nip2/rc/"
File: "ipgtkrc" [compress] 551/1756 bytes
File: Descending to: "./nip2-7.22.4/share/nip2/start/"
File: "Colour.def" [compress] 3721/15447 bytes
File: "Filter.def" [compress] 9163/39507 bytes
File: "Histogram.def" [compress] 2208/6485 bytes
File: "Image.def" [compress] 10473/46144 bytes
File: "Math.def" [compress] 3138/12959 bytes
File: "Matrix.def" [compress] 2181/8583 bytes
File: "Object.def" [compress] 0/1168 bytes
File: "Preferences.ws" [compress] 3524/32523 bytes
File: "Tasks.def" [compress] 7478/26251 bytes
File: "Widgets.def" [compress] 0/1259 bytes
File: "_Object.def" [compress] 2916/11269 bytes
File: "_convert.def" [compress] 4990/18680 bytes
File: "_generate.def" [compress] 1110/2503 bytes
File: "_joe_extra.def" [compress] 2505/11944 bytes
File: "_joe_utilities.def" [compress] 5430/20839 bytes
File: "_list.def" [compress] 3022/9512 bytes
File: "_predicate.def" [compress] 0/11729 bytes
File: "_stdenv.def" [compress] 13962/56408 bytes
File: "_types.def" [compress] 7873/29081 bytes
File: Descending to: "./nip2-7.22.4/share/poop/"
File: Descending to: "./nip2-7.22.4/share/poop/de/"
File: Descending to: "./nip2-7.22.4/share/poop/de/LC_MESSAGES/"
File: "atk10.mo" [compress] 2767/8507 bytes
File: "glib20.mo" [compress] 12803/46536 bytes
File: "goffice-0.8.7.mo" [compress] 30969/103981 bytes
File: "gtk-engines.mo" [compress] 1563/3318 bytes
File: "gtk20-properties.mo" [compress] 44199/166269 bytes
File: "gtk20.mo" [compress] 23304/79726 bytes
File: "libgsf.mo" [compress] 3221/15997 bytes
File: "vips7.mo" [compress] 13382/43861 bytes
File: Descending to: "./nip2-7.22.4/share/poop/en_GB/"
File: Descending to: "./nip2-7.22.4/share/poop/en_GB/LC_MESSAGES/"
File: "atk10.mo" [compress] 1847/7895 bytes
File: "glib20.mo" [compress] 7725/41565 bytes
File: "goffice-0.8.7.mo" [compress] 19779/95336 bytes
File: "gtk-engines.mo" [compress] 1097/3066 bytes
File: "gtk20-properties.mo" [compress] 27001/154830 bytes
File: "gtk20.mo" [compress] 15763/73984 bytes
File: "libgsf.mo" [compress] 2246/15556 bytes
File: "nip2.mo" [compress] 450/748 bytes
File: "vips7.mo" [compress] 365/611 bytes
File: Descending to: "./nip2-7.22.4/share/themes/"
File: Descending to: "./nip2-7.22.4/share/themes/Clearlooks/"
File: Descending to: "./nip2-7.22.4/share/themes/Clearlooks/gtk-2.0/"
File: "gtkrc" [compress] 3105/11314 bytes
File: Descending to: "./nip2-7.22.4/share/themes/Default/"
File: Descending to: "./nip2-7.22.4/share/themes/Default/gtk-2.0-key/"
File: "gtkrc" [compress] 82 bytes
File: Descending to: "./nip2-7.22.4/share/themes/Emacs/"
File: Descending to: "./nip2-7.22.4/share/themes/Emacs/gtk-2.0-key/"
File: "gtkrc" [compress] 1179/3818 bytes
File: Descending to: "./nip2-7.22.4/share/themes/MS-Windows/"
File: Descending to: "./nip2-7.22.4/share/themes/MS-Windows/gtk-2.0/"
File: "gtkrc" [compress] 893/1825 bytes
File: Descending to: "./nip2-7.22.4/share/themes/Raleigh/"
File: Descending to: "./nip2-7.22.4/share/themes/Raleigh/gtk-2.0/"
File: "gtkrc" [compress] 65/69 bytes
File: Returning to: "."
WriteRegStr: HKCU\Software\VIPS\=$INSTDIR
WriteUninstaller: "$INSTDIR\Uninstall.exe"
!insertmacro: MUI_STARTMENU_WRITE_BEGIN
!insertmacro: end of MUI_STARTMENU_WRITE_BEGIN
CreateDirectory: "$SMPROGRAMS\$StartMenuFolder"
CreateShortCut: "$SMPROGRAMS\$StartMenuFolder\nip2-7.22.4.lnk"->"$INSTDIR\nip2-7.22.4\bin\nip2.exe"  icon:,0, showmode=0x0, hotkey=0x0, comment=
CreateShortCut: "$SMPROGRAMS\$StartMenuFolder\Uninstall nip2-7.22.4.lnk"->"$INSTDIR\Uninstall.exe"  icon:,0, showmode=0x0, hotkey=0x0, comment=
!insertmacro: MUI_STARTMENU_WRITE_END
!insertmacro: end of MUI_STARTMENU_WRITE_END
SectionEnd
Section: "Uninstall"
RMDir: /r "$INSTDIR\nip2-7.22.4"
Delete: "$INSTDIR\Uninstall.exe"
RMDir: "$INSTDIR"
!insertmacro: MUI_STARTMENU_GETFOLDER
!insertmacro: end of MUI_STARTMENU_GETFOLDER
Delete: "$SMPROGRAMS\$StartMenuFolder\Uninstall nip2-7.22.4.lnk"
Delete: "$SMPROGRAMS\$StartMenuFolder\nip2-7.22.4.lnk"
RMDir: "$SMPROGRAMS\$StartMenuFolder"
DeleteRegKey: HKCU\Software\VIPS
SectionEnd
LangString: "DESC_SecDummy" 1033 "A test section."
!insertmacro: MUI_FUNCTION_DESCRIPTION_BEGIN
warning: unknown variable/constant "mui.ComponentsPage.DescriptionText" detected, ignoring (macro:MUI_DESCRIPTION_BEGIN:4)
warning: unknown variable/constant "mui.ComponentsPage.DescriptionText" detected, ignoring (macro:MUI_DESCRIPTION_BEGIN:5)
warning: unknown variable/constant "mui.ComponentsPage.DescriptionText.Info" detected, ignoring (macro:MUI_DESCRIPTION_BEGIN:6)
warning: unknown variable/constant "mui.ComponentsPage.DescriptionText" detected, ignoring (macro:MUI_DESCRIPTION_BEGIN:6)
!insertmacro: end of MUI_FUNCTION_DESCRIPTION_BEGIN
!insertmacro: MUI_DESCRIPTION_TEXT
warning: unknown variable/constant "mui.ComponentsPage.DescriptionText" detected, ignoring (macro:MUI_DESCRIPTION_TEXT:6)
warning: unknown variable/constant "mui.ComponentsPage.DescriptionText" detected, ignoring (macro:MUI_DESCRIPTION_TEXT:7)
warning: unknown variable/constant "mui.ComponentsPage.DescriptionText" detected, ignoring (macro:MUI_DESCRIPTION_TEXT:8)
!insertmacro: end of MUI_DESCRIPTION_TEXT
!insertmacro: MUI_FUNCTION_DESCRIPTION_END
!insertmacro: end of MUI_FUNCTION_DESCRIPTION_END

Processed 1 file, writing output:
Adding plug-ins initializing function... Done!
Processing pages... Done!
Removing unused resources... Done!
Generating language tables... Done!
Generating uninstaller... Done!

Output: "/home/john/windows-jhbuild/nsis/nip2-7.22.4-setup.exe"
Install: 7 pages (448 bytes), 1 section (1048 bytes), 1007 instructions (28196 bytes), 556 strings (28580 bytes), 1 language table (330 bytes).
Uninstall: 5 pages (320 bytes), 
1 section (1048 bytes), 415 instructions (11620 bytes), 176 strings (2726 bytes), 1 language table (290 bytes).
Datablock optimizer saved 216410 bytes (~1.6%).

Using lzma compression.

EXE header size:              135680 / 49152 bytes
Install code:                  13421 / 59002 bytes
Install data:               12470494 / 34075485 bytes
Uninstall code+data:          148914 / 164167 bytes
CRC (0xA39126E4):                  4 / 4 bytes

Total size:                 12768513 / 34347810 bytes (37.1%)

7 warnings:
  unknown variable/constant "mui.ComponentsPage.DescriptionText" detected, ignoring (macro:MUI_DESCRIPTION_BEGIN:4)
  unknown variable/constant "mui.ComponentsPage.DescriptionText" detected, ignoring (macro:MUI_DESCRIPTION_BEGIN:5)
  unknown variable/constant "mui.ComponentsPage.DescriptionText.Info" detected, ignoring (macro:MUI_DESCRIPTION_BEGIN:6)
  unknown variable/constant "mui.ComponentsPage.DescriptionText" detected, ignoring (macro:MUI_DESCRIPTION_BEGIN:6)
  unknown variable/constant "mui.ComponentsPage.DescriptionText" detected, ignoring (macro:MUI_DESCRIPTION_TEXT:6)
  unknown variable/constant "mui.ComponentsPage.DescriptionText" detected, ignoring (macro:MUI_DESCRIPTION_TEXT:7)
  unknown variable/constant "mui.ComponentsPage.DescriptionText" detected, ignoring (macro:MUI_DESCRIPTION_TEXT:8)
